Arguments: 
  /usr/local/bin/node /usr/local/bin/yarn add @babel/plugin-transform-modules-commonjs babel-plugin-transform-remove-strict-mode -D

PATH: 
  /usr/local/bin:/usr/bin:/bin:/usr/sbin:/sbin

Yarn version: 
  1.22.5

Node version: 
  16.13.0

Platform: 
  darwin x64

Trace: 
  Error: ENOENT: no such file or directory, copyfile '/Users/apple/Library/Caches/Yarn/v6/npm-make-dir-3.1.0-415e967046b3a7f1d185277d84aa58203726a13f-integrity/node_modules/make-dir/index.d.ts' -> '/Users/apple/Desktop/梅西/frontend/beforeschool/sparrow-pro/sparrow-ui/server/node_modules/babel-loader/node_modules/make-dir/index.d.ts'

npm manifest: 
  {
    "name": "server",
    "version": "1.0.0",
    "description": "",
    "main": "entry.js",
    "scripts": {
      "server:build": "webpack --color --progress --config webpack.config.js"
    },
    "keywords": [],
    "author": "",
    "license": "ISC",
    "devDependencies": {
      "@babel/core": "^7.19.3",
      "@babel/node": "^7.19.1",
      "@babel/plugin-proposal-decorators": "^7.19.3",
      "@babel/plugin-transform-modules-commonjs": "^7.18.6",
      "@babel/plugin-transform-runtime": "^7.19.1",
      "@babel/preset-env": "^7.19.4",
      "address": "^1.2.1",
      "babel-loader": "^8.2.5",
      "babel-plugin-transform-remove-strict-mode": "^0.0.2",
      "defineProperty": "link:@babel/runtime/helpers/defineProperty",
      "minimist": "^1.2.7",
      "node-loader": "^2.0.0",
      "rollup": "^3.1.0",
      "rollup-plugin-commonjs": "^10.1.0",
      "webpack": "^5.74.0",
      "webpack-cli": "^4.10.0"
    },
    "dependencies": {
      "koa": "^2.13.4",
      "koa-static": "^5.0.0",
      "postcss": "^8.4.17",
      "rollup-plugin-typescript2": "^0.34.1"
    }
  }

yarn manifest: 
  No manifest

Lockfile: 
  No lockfile
